app/build/outputs/logs/manifest-merger-debug-report.txt
-- Merging decision tree log ---
manifest
ADDED from src\main\AndroidManifest.xml:2:1-32:12
	package
		ADDED from src\main\AndroidManifest.xml:3:5-39
		INJECTED from src\main\AndroidManifest.xml
		INJECTED from src\main\AndroidManifest.xml
	android:versionName
		INJECTED from src\main\AndroidManifest.xml
		INJECTED from src\main\AndroidManifest.xml
	xmlns:android
		ADDED from src\main\AndroidManifest.xml:2:11-69
	android:versionCode
		INJECTED from src\main\AndroidManifest.xml
		INJECTED from src\main\AndroidManifest.xml
uses-permission#android.permission.INTERNET
ADDED from src\main\AndroidManifest.xml:5:5-67
MERGED from [com.crashlytics.sdk.android:crashlytics:2.5.5] AndroidManifest.xml:9:5-67
MERGED from [com.crashlytics.sdk.android:answers:1.3.6] AndroidManifest.xml:9:5-67
MERGED from [io.fabric.sdk.android:fabric:1.3.10] AndroidManifest.xml:25:5-67
MERGED from [com.crashlytics.sdk.android:crashlytics-core:2.3.8] AndroidManifest.xml:9:5-67
MERGED from [com.crashlytics.sdk.android:answers:1.3.6] AndroidManifest.xml:9:5-67
MERGED from [io.fabric.sdk.android:fabric:1.3.10] AndroidManifest.xml:25:5-67
MERGED from [io.fabric.sdk.android:fabric:1.3.10] AndroidManifest.xml:25:5-67
MERGED from [io.fabric.sdk.android:fabric:1.3.10] AndroidManifest.xml:25:5-67
MERGED from [com.crashlytics.sdk.android:beta:1.1.4] AndroidManifest.xml:9:5-67
	android:name
		ADDED from src\main\AndroidManifest.xml:5:22-64
uses-permission#android.permission.ACCESS_NETWORK_STATE
ADDED from src\main\AndroidManifest.xml:6:5-79
	android:name
		ADDED from src\main\AndroidManifest.xml:6:22-76
application
ADDED from src\main\AndroidManifest.xml:8:5-30:19
MERGED from [com.android.support:appcompat-v7:23.2.1] AndroidManifest.xml:25:5-20
MERGED from [com.android.support:support-v4:23.2.1] AndroidManifest.xml:22:5-20
MERGED from [com.android.support:animated-vector-drawable:23.2.1] AndroidManifest.xml:7:5-20
MERGED from [com.android.support:support-vector-drawable:23.2.1] AndroidManifest.xml:7:5-20
MERGED from [com.android.support:support-v4:23.2.1] AndroidManifest.xml:22:5-20
MERGED from [com.android.support:support-vector-drawable:23.2.1] AndroidManifest.xml:7:5-20
MERGED from [com.android.support:support-v4:23.2.1] AndroidManifest.xml:22:5-20
MERGED from [com.android.support:support-v4:23.2.1] AndroidManifest.xml:22:5-20
MERGED from [com.android.support:design:23.2.1] AndroidManifest.xml:22:5-20
MERGED from [com.android.support:support-v4:23.2.1] AndroidManifest.xml:22:5-20
MERGED from [com.android.support:appcompat-v7:23.2.1] AndroidManifest.xml:25:5-20
MERGED from [com.android.support:support-v4:23.2.1] AndroidManifest.xml:22:5-20
MERGED from [com.android.support:animated-vector-drawable:23.2.1] AndroidManifest.xml:7:5-20
MERGED from [com.android.support:support-vector-drawable:23.2.1] AndroidManifest.xml:7:5-20
MERGED from [com.android.support:support-v4:23.2.1] AndroidManifest.xml:22:5-20
MERGED from [com.android.support:support-vector-drawable:23.2.1] AndroidManifest.xml:7:5-20
MERGED from [com.android.support:support-v4:23.2.1] AndroidManifest.xml:22:5-20
MERGED from [com.android.support:support-v4:23.2.1] AndroidManifest.xml:22:5-20
MERGED from [com.android.support:support-v4:23.2.1] AndroidManifest.xml:22:5-20
MERGED from [com.crashlytics.sdk.android:crashlytics:2.5.5] AndroidManifest.xml:11:5-20
MERGED from [com.crashlytics.sdk.android:answers:1.3.6] AndroidManifest.xml:11:5-20
MERGED from [io.fabric.sdk.android:fabric:1.3.10] AndroidManifest.xml:27:5-20
MERGED from [com.crashlytics.sdk.android:crashlytics-core:2.3.8] AndroidManifest.xml:11:5-20
MERGED from [com.crashlytics.sdk.android:answers:1.3.6] AndroidManifest.xml:11:5-20
MERGED from [io.fabric.sdk.android:fabric:1.3.10] AndroidManifest.xml:27:5-20
MERGED from [io.fabric.sdk.android:fabric:1.3.10] AndroidManifest.xml:27:5-20
MERGED from [io.fabric.sdk.android:fabric:1.3.10] AndroidManifest.xml:27:5-20
MERGED from [com.crashlytics.sdk.android:beta:1.1.4] AndroidManifest.xml:11:5-20
	android:label
		ADDED from src\main\AndroidManifest.xml:12:9-41
	android:supportsRtl
		ADDED from src\main\AndroidManifest.xml:13:9-35
	android:allowBackup
		ADDED from src\main\AndroidManifest.xml:10:9-35
	android:icon
		ADDED from src\main\AndroidManifest.xml:11:9-43
	android:theme
		ADDED from src\main\AndroidManifest.xml:14:9-40
	android:name
		ADDED from src\main\AndroidManifest.xml:9:9-38
activity#com.atlantbh.mymoviesapp.activities.MovieListActivity
ADDED from src\main\AndroidManifest.xml:15:9-20:20
	android:name
		ADDED from src\main\AndroidManifest.xml:15:19-63
intent-filter#android.intent.action.MAIN+android.intent.category.LAUNCHER
ADDED from src\main\AndroidManifest.xml:16:13-19:29
action#android.intent.action.MAIN
ADDED from src\main\AndroidManifest.xml:17:17-69
	android:name
		ADDED from src\main\AndroidManifest.xml:17:25-66
category#android.intent.category.LAUNCHER
ADDED from src\main\AndroidManifest.xml:18:17-77
	android:name
		ADDED from src\main\AndroidManifest.xml:18:27-74
activity#com.atlantbh.mymoviesapp.activities.DetailsActivity
ADDED from src\main\AndroidManifest.xml:21:9-64
	android:name
		ADDED from src\main\AndroidManifest.xml:21:19-61
activity#com.atlantbh.mymoviesapp.activities.ActorActivity
ADDED from src\main\AndroidManifest.xml:22:9-62
	android:name
		ADDED from src\main\AndroidManifest.xml:22:19-59
activity#com.atlantbh.mymoviesapp.activities.VideoActivity
ADDED from src\main\AndroidManifest.xml:23:9-24:68
	android:configChanges
		ADDED from src\main\AndroidManifest.xml:24:19-65
	android:name
		ADDED from src\main\AndroidManifest.xml:23:19-59
activity#com.atlantbh.mymoviesapp.activities.LoginActivity
ADDED from src\main\AndroidManifest.xml:25:9-61
	android:name
		ADDED from src\main\AndroidManifest.xml:25:19-59
meta-data#io.fabric.ApiKey
ADDED from src\main\AndroidManifest.xml:27:9-29:72
	android:value
		ADDED from src\main\AndroidManifest.xml:29:13-69
	android:name
		ADDED from src\main\AndroidManifest.xml:28:13-44
uses-sdk
INJECTED from src\main\AndroidManifest.xml reason: use-sdk injection requested
MERGED from [com.android.support:appcompat-v7:23.2.1] AndroidManifest.xml:21:5-23:78
MERGED from [com.android.support:support-v4:23.2.1] AndroidManifest.xml:20:5-43
MERGED from [com.android.support:animated-vector-drawable:23.2.1] AndroidManifest.xml:5:5-44
MERGED from [com.android.support:support-vector-drawable:23.2.1] AndroidManifest.xml:5:5-43
MERGED from [com.android.support:support-v4:23.2.1] AndroidManifest.xml:20:5-43
MERGED from [com.android.support:support-vector-drawable:23.2.1] AndroidManifest.xml:5:5-43
MERGED from [com.android.support:support-v4:23.2.1] AndroidManifest.xml:20:5-43
MERGED from [com.android.support:recyclerview-v7:23.2.1] AndroidManifest.xml:20:5-43
MERGED from [com.android.support:support-v4:23.2.1] AndroidManifest.xml:20:5-43
MERGED from [com.android.support:design:23.2.1] AndroidManifest.xml:20:5-43
MERGED from [com.android.support:support-v4:23.2.1] AndroidManifest.xml:20:5-43
MERGED from [com.android.support:appcompat-v7:23.2.1] AndroidManifest.xml:21:5-23:78
MERGED from [com.android.support:support-v4:23.2.1] AndroidManifest.xml:20:5-43
MERGED from [com.android.support:animated-vector-drawable:23.2.1] AndroidManifest.xml:5:5-44
MERGED from [com.android.support:support-vector-drawable:23.2.1] AndroidManifest.xml:5:5-43
MERGED from [com.android.support:support-v4:23.2.1] AndroidManifest.xml:20:5-43
MERGED from [com.android.support:support-vector-drawable:23.2.1] AndroidManifest.xml:5:5-43
MERGED from [com.android.support:support-v4:23.2.1] AndroidManifest.xml:20:5-43
MERGED from [com.android.support:recyclerview-v7:23.2.1] AndroidManifest.xml:20:5-43
MERGED from [com.android.support:support-v4:23.2.1] AndroidManifest.xml:20:5-43
MERGED from [jp.wasabeef:glide-transformations:2.0.0] AndroidManifest.xml:8:5-10:41
MERGED from [com.android.support:support-v4:23.2.1] AndroidManifest.xml:20:5-43
MERGED from [com.uphyca:stetho_realm:0.8.0] AndroidManifest.xml:8:5-10:41
MERGED from [com.crashlytics.sdk.android:crashlytics:2.5.5] AndroidManifest.xml:7:5-43
MERGED from [com.crashlytics.sdk.android:answers:1.3.6] AndroidManifest.xml:7:5-43
MERGED from [io.fabric.sdk.android:fabric:1.3.10] AndroidManifest.xml:23:5-43
MERGED from [com.crashlytics.sdk.android:crashlytics-core:2.3.8] AndroidManifest.xml:7:5-43
MERGED from [com.crashlytics.sdk.android:answers:1.3.6] AndroidManifest.xml:7:5-43
MERGED from [io.fabric.sdk.android:fabric:1.3.10] AndroidManifest.xml:23:5-43
MERGED from [io.fabric.sdk.android:fabric:1.3.10] AndroidManifest.xml:23:5-43
MERGED from [io.fabric.sdk.android:fabric:1.3.10] AndroidManifest.xml:23:5-43
MERGED from [com.crashlytics.sdk.android:beta:1.1.4] AndroidManifest.xml:7:5-43
	tools:overrideLibrary
		ADDED from [com.android.support:appcompat-v7:23.2.1] AndroidManifest.xml:23:9-75
	android:targetSdkVersion
		INJECTED from src\main\AndroidManifest.xml
		INJECTED from src\main\AndroidManifest.xml
	android:minSdkVersion
		INJECTED from src\main\AndroidManifest.xml
		INJECTED from src\main\AndroidManifest.xml